{"/Users/m_chief_pat/Desktop/Projects/Community-Board/backend/models/User.js": {"path":"/Users/m_chief_pat/Desktop/Projects/Community-Board/backend/models/User.js","statementMap":{"0":{"start":{"line":1,"column":17},"end":{"line":1,"column":36}},"1":{"start":{"line":2,"column":23},"end":{"line":2,"column":43}},"2":{"start":{"line":4,"column":19},"end":{"line":91,"column":24}},"3":{"start":{"line":24,"column":26},"end":{"line":24,"column":50}},"4":{"start":{"line":25,"column":21},"end":{"line":25,"column":23}},"5":{"start":{"line":26,"column":34},"end":{"line":26,"column":54}},"6":{"start":{"line":27,"column":21},"end":{"line":27,"column":24}},"7":{"start":{"line":28,"column":22},"end":{"line":28,"column":37}},"8":{"start":{"line":30,"column":28},"end":{"line":30,"column":73}},"9":{"start":{"line":31,"column":28},"end":{"line":31,"column":44}},"10":{"start":{"line":33,"column":6},"end":{"line":33,"column":43}},"11":{"start":{"line":93,"column":0},"end":{"line":101,"column":2}},"12":{"start":{"line":95,"column":4},"end":{"line":95,"column":53}},"13":{"start":{"line":96,"column":4},"end":{"line":96,"column":29}},"14":{"start":{"line":97,"column":4},"end":{"line":97,"column":29}},"15":{"start":{"line":98,"column":4},"end":{"line":98,"column":38}},"16":{"start":{"line":99,"column":4},"end":{"line":99,"column":44}},"17":{"start":{"line":103,"column":13},"end":{"line":103,"column":47}},"18":{"start":{"line":105,"column":0},"end":{"line":105,"column":21}}},"fnMap":{"0":{"name":"(anonymous_0)","decl":{"start":{"line":22,"column":17},"end":{"line":22,"column":18}},"loc":{"start":{"line":22,"column":30},"end":{"line":34,"column":5}},"line":22},"1":{"name":"(anonymous_1)","decl":{"start":{"line":94,"column":13},"end":{"line":94,"column":14}},"loc":{"start":{"line":94,"column":43},"end":{"line":100,"column":3}},"line":94}},"branchMap":{"0":{"loc":{"start":{"line":30,"column":28},"end":{"line":30,"column":73}},"type":"binary-expr","locations":[{"start":{"line":30,"column":28},"end":{"line":30,"column":52}},{"start":{"line":30,"column":56},"end":{"line":30,"column":73}}],"line":30},"1":{"loc":{"start":{"line":33,"column":13},"end":{"line":33,"column":43}},"type":"binary-expr","locations":[{"start":{"line":33,"column":13},"end":{"line":33,"column":26}},{"start":{"line":33,"column":30},"end":{"line":33,"column":43}}],"line":33}},"s":{"0":1,"1":1,"2":1,"3":4,"4":4,"5":4,"6":4,"7":4,"8":4,"9":4,"10":4,"11":1,"12":2,"13":2,"14":2,"15":2,"16":2,"17":1,"18":1},"f":{"0":4,"1":2},"b":{"0":[4,3],"1":[4,3]},"_coverageSchema":"1a1c01bbd47fc00a2c39e90264f33305004495a9","hash":"d78b4ab2e45ba331eeefc8ba5ce1938b22110a40"}
,"/Users/m_chief_pat/Desktop/Projects/Community-Board/backend/validators/auth.js": {"path":"/Users/m_chief_pat/Desktop/Projects/Community-Board/backend/validators/auth.js","statementMap":{"0":{"start":{"line":1,"column":14},"end":{"line":1,"column":28}},"1":{"start":{"line":5,"column":31},"end":{"line":13,"column":11}},"2":{"start":{"line":16,"column":20},"end":{"line":20,"column":11}},"3":{"start":{"line":23,"column":29},"end":{"line":26,"column":11}},"4":{"start":{"line":28,"column":28},"end":{"line":33,"column":11}},"5":{"start":{"line":36,"column":0},"end":{"line":41,"column":1}}},"fnMap":{},"branchMap":{},"s":{"0":1,"1":1,"2":1,"3":1,"4":1,"5":1},"f":{},"b":{},"_coverageSchema":"1a1c01bbd47fc00a2c39e90264f33305004495a9","hash":"685c9390faa3b51786527cd94e17bc8695150f55"}
,"/Users/m_chief_pat/Desktop/Projects/Community-Board/backend/validators/comment.js": {"path":"/Users/m_chief_pat/Desktop/Projects/Community-Board/backend/validators/comment.js","statementMap":{"0":{"start":{"line":1,"column":14},"end":{"line":1,"column":28}},"1":{"start":{"line":3,"column":25},"end":{"line":6,"column":11}},"2":{"start":{"line":9,"column":26},"end":{"line":11,"column":11}},"3":{"start":{"line":13,"column":0},"end":{"line":16,"column":1}}},"fnMap":{},"branchMap":{},"s":{"0":1,"1":1,"2":1,"3":1},"f":{},"b":{},"_coverageSchema":"1a1c01bbd47fc00a2c39e90264f33305004495a9","hash":"d5ab3adf2d9f27a96f7353c6661077fd76da189e"}
,"/Users/m_chief_pat/Desktop/Projects/Community-Board/backend/validators/community.js": {"path":"/Users/m_chief_pat/Desktop/Projects/Community-Board/backend/validators/community.js","statementMap":{"0":{"start":{"line":1,"column":14},"end":{"line":1,"column":28}},"1":{"start":{"line":3,"column":36},"end":{"line":12,"column":11}},"2":{"start":{"line":14,"column":0},"end":{"line":16,"column":1}}},"fnMap":{},"branchMap":{},"s":{"0":1,"1":1,"2":1},"f":{},"b":{},"_coverageSchema":"1a1c01bbd47fc00a2c39e90264f33305004495a9","hash":"083bb23df036ae8c50b7d4f4f5ed6a0bec05837d"}
,"/Users/m_chief_pat/Desktop/Projects/Community-Board/backend/validators/content.js": {"path":"/Users/m_chief_pat/Desktop/Projects/Community-Board/backend/validators/content.js","statementMap":{"0":{"start":{"line":1,"column":14},"end":{"line":1,"column":28}},"1":{"start":{"line":3,"column":22},"end":{"line":21,"column":2}},"2":{"start":{"line":14,"column":2},"end":{"line":16,"column":3}},"3":{"start":{"line":15,"column":4},"end":{"line":15,"column":15}},"4":{"start":{"line":17,"column":2},"end":{"line":17,"column":39}},"5":{"start":{"line":23,"column":25},"end":{"line":26,"column":11}},"6":{"start":{"line":28,"column":0},"end":{"line":31,"column":1}}},"fnMap":{"0":{"name":"(anonymous_0)","decl":{"start":{"line":13,"column":8},"end":{"line":13,"column":9}},"loc":{"start":{"line":13,"column":16},"end":{"line":18,"column":1}},"line":13}},"branchMap":{"0":{"loc":{"start":{"line":14,"column":2},"end":{"line":16,"column":3}},"type":"if","locations":[{"start":{"line":14,"column":2},"end":{"line":16,"column":3}},{"start":{},"end":{}}],"line":14},"1":{"loc":{"start":{"line":14,"column":6},"end":{"line":14,"column":38}},"type":"binary-expr","locations":[{"start":{"line":14,"column":6},"end":{"line":14,"column":21}},{"start":{"line":14,"column":25},"end":{"line":14,"column":38}}],"line":14}},"s":{"0":1,"1":1,"2":5,"3":2,"4":3,"5":1,"6":1},"f":{"0":5},"b":{"0":[2,3],"1":[5,3]},"_coverageSchema":"1a1c01bbd47fc00a2c39e90264f33305004495a9","hash":"5d48513e9b677f91b64097ef123fb23e56e0c1d9"}
,"/Users/m_chief_pat/Desktop/Projects/Community-Board/backend/validators/user.js": {"path":"/Users/m_chief_pat/Desktop/Projects/Community-Board/backend/validators/user.js","statementMap":{"0":{"start":{"line":1,"column":14},"end":{"line":1,"column":28}},"1":{"start":{"line":3,"column":29},"end":{"line":5,"column":11}},"2":{"start":{"line":8,"column":25},"end":{"line":10,"column":11}},"3":{"start":{"line":13,"column":0},"end":{"line":16,"column":1}}},"fnMap":{},"branchMap":{},"s":{"0":1,"1":1,"2":1,"3":1},"f":{},"b":{},"_coverageSchema":"1a1c01bbd47fc00a2c39e90264f33305004495a9","hash":"fbb79893cbfa44f3370626219b9ae09b7f7544cf"}
}
