TN:
SF:models/User.js
FN:22,(anonymous_0)
FN:94,(anonymous_1)
FNF:2
FNH:2
FNDA:4,(anonymous_0)
FNDA:2,(anonymous_1)
DA:1,1
DA:2,1
DA:4,1
DA:24,4
DA:25,4
DA:26,4
DA:27,4
DA:28,4
DA:30,4
DA:31,4
DA:33,4
DA:93,1
DA:95,2
DA:96,2
DA:97,2
DA:98,2
DA:99,2
DA:103,1
DA:105,1
LF:19
LH:19
BRDA:30,0,0,4
BRDA:30,0,1,3
BRDA:33,1,0,4
BRDA:33,1,1,3
BRF:4
BRH:4
end_of_record
TN:
SF:validators/auth.js
FNF:0
FNH:0
DA:1,1
DA:5,1
DA:16,1
DA:23,1
DA:28,1
DA:36,1
LF:6
LH:6
BRF:0
BRH:0
end_of_record
TN:
SF:validators/comment.js
FNF:0
FNH:0
DA:1,1
DA:3,1
DA:9,1
DA:13,1
LF:4
LH:4
BRF:0
BRH:0
end_of_record
TN:
SF:validators/community.js
FNF:0
FNH:0
DA:1,1
DA:3,1
DA:14,1
LF:3
LH:3
BRF:0
BRH:0
end_of_record
TN:
SF:validators/content.js
FN:13,(anonymous_0)
FNF:1
FNH:1
FNDA:5,(anonymous_0)
DA:1,1
DA:3,1
DA:14,5
DA:15,2
DA:17,3
DA:23,1
DA:28,1
LF:7
LH:7
BRDA:14,0,0,2
BRDA:14,0,1,3
BRDA:14,1,0,5
BRDA:14,1,1,3
BRF:4
BRH:4
end_of_record
TN:
SF:validators/user.js
FNF:0
FNH:0
DA:1,1
DA:3,1
DA:8,1
DA:13,1
LF:4
LH:4
BRF:0
BRH:0
end_of_record
